<?xml version="1.0" encoding="UTF-8"?>
<testng-results ignored="0" total="1" passed="1" failed="0" skipped="0">
  <reporter-output>
  </reporter-output>
  <suite started-at="2022-05-09T07:43:01Z" name="Default suite" finished-at="2022-05-09T07:43:01Z" duration-ms="71">
    <groups>
    </groups>
    <test started-at="2022-05-09T07:43:01Z" name="Default test" finished-at="2022-05-09T07:43:01Z" duration-ms="71">
      <class name="Sample_Project.Sample_Project.ReadingDatafromCMD">
        <test-method signature="readingdatafromcmd()[pri:0, instance:Sample_Project.Sample_Project.ReadingDatafromCMD@c7ba306]" started-at="2022-05-09T07:43:01Z" name="readingdatafromcmd" finished-at="2022-05-09T07:43:01Z" duration-ms="17" status="PASS">
          <reporter-output>
          </reporter-output>
        </test-method> <!-- readingdatafromcmd -->
      </class> <!-- Sample_Project.Sample_Project.ReadingDatafromCMD -->
    </test> <!-- Default test -->
  </suite> <!-- Default suite -->
</testng-results>
